<?xml version="1.0" encoding="UTF-8"?>
<testsuite name="org.arcueidarc.nekoarc.vm.instruction.SUBtest" tests="5" skipped="0" failures="0" errors="0" timestamp="2016-06-03T04:00:49" hostname="qiana-VirtualBox" time="0.001">
  <properties/>
  <testcase name="testFixnumMinusFlonum" classname="org.arcueidarc.nekoarc.vm.instruction.SUBtest" time="0.0"/>
  <testcase name="testFixnumMinusFixnum1" classname="org.arcueidarc.nekoarc.vm.instruction.SUBtest" time="0.0"/>
  <testcase name="testFixnumMinusFixnum2" classname="org.arcueidarc.nekoarc.vm.instruction.SUBtest" time="0.0"/>
  <testcase name="testFlonumMinusFixnum" classname="org.arcueidarc.nekoarc.vm.instruction.SUBtest" time="0.0"/>
  <testcase name="testFlonumMinusFlonum" classname="org.arcueidarc.nekoarc.vm.instruction.SUBtest" time="0.0"/>
  <system-out><![CDATA[]]></system-out>
  <system-err><![CDATA[]]></system-err>
</testsuite>
