<?xml version="1.0" encoding="UTF-8"?>
<testsuite name="org.arcueidarc.nekoarc.util.MurmurHashTest" tests="1" skipped="0" failures="0" errors="0" timestamp="2016-06-03T04:00:50" hostname="qiana-VirtualBox" time="0.001">
  <properties/>
  <testcase name="test" classname="org.arcueidarc.nekoarc.util.MurmurHashTest" time="0.001"/>
  <system-out><![CDATA[]]></system-out>
  <system-err><![CDATA[]]></system-err>
</testsuite>
