<?xml version="1.0" encoding="UTF-8"?>
<testsuite name="org.arcueidarc.nekoarc.vm.instruction.ENVtest" tests="3" skipped="0" failures="0" errors="0" timestamp="2016-06-03T04:00:49" hostname="qiana-VirtualBox" time="0.0">
  <properties/>
  <testcase name="testTooManyArgs" classname="org.arcueidarc.nekoarc.vm.instruction.ENVtest" time="0.0"/>
  <testcase name="test" classname="org.arcueidarc.nekoarc.vm.instruction.ENVtest" time="0.0"/>
  <testcase name="testTooFewArgs" classname="org.arcueidarc.nekoarc.vm.instruction.ENVtest" time="0.0"/>
  <system-out><![CDATA[]]></system-out>
  <system-err><![CDATA[]]></system-err>
</testsuite>
