<?xml version="1.0" encoding="UTF-8"?>
<testsuite name="org.arcueidarc.nekoarc.vm.instruction.ENVRtest" tests="4" skipped="0" failures="0" errors="0" timestamp="2016-06-03T04:00:49" hostname="qiana-VirtualBox" time="0.001">
  <properties/>
  <testcase name="testRAO" classname="org.arcueidarc.nekoarc.vm.instruction.ENVRtest" time="0.0"/>
  <testcase name="testROR" classname="org.arcueidarc.nekoarc.vm.instruction.ENVRtest" time="0.001"/>
  <testcase name="testRSO" classname="org.arcueidarc.nekoarc.vm.instruction.ENVRtest" time="0.0"/>
  <testcase name="testTooFewArgs" classname="org.arcueidarc.nekoarc.vm.instruction.ENVRtest" time="0.0"/>
  <system-out><![CDATA[]]></system-out>
  <system-err><![CDATA[]]></system-err>
</testsuite>
