<?xml version="1.0" encoding="UTF-8"?>
<testsuite name="org.arcueidarc.nekoarc.vm.VirtualMachineTest" tests="4" skipped="0" failures="0" errors="0" timestamp="2016-06-03T04:00:50" hostname="qiana-VirtualBox" time="0.002">
  <properties/>
  <testcase name="testEnv" classname="org.arcueidarc.nekoarc.vm.VirtualMachineTest" time="0.001"/>
  <testcase name="testmenv" classname="org.arcueidarc.nekoarc.vm.VirtualMachineTest" time="0.0"/>
  <testcase name="testSmallInstArg" classname="org.arcueidarc.nekoarc.vm.VirtualMachineTest" time="0.0"/>
  <testcase name="testInstArg" classname="org.arcueidarc.nekoarc.vm.VirtualMachineTest" time="0.0"/>
  <system-out><![CDATA[]]></system-out>
  <system-err><![CDATA[]]></system-err>
</testsuite>
