<?xml version="1.0" encoding="UTF-8"?>
<testsuite name="org.arcueidarc.nekoarc.vm.instruction.APPLYtest" tests="2" skipped="0" failures="0" errors="0" timestamp="2016-06-03T04:00:49" hostname="qiana-VirtualBox" time="0.002">
  <properties/>
  <testcase name="testCons" classname="org.arcueidarc.nekoarc.vm.instruction.APPLYtest" time="0.001"/>
  <testcase name="testClosure" classname="org.arcueidarc.nekoarc.vm.instruction.APPLYtest" time="0.001"/>
  <system-out><![CDATA[]]></system-out>
  <system-err><![CDATA[]]></system-err>
</testsuite>
