<?xml version="1.0" encoding="UTF-8"?>
<testsuite name="org.arcueidarc.nekoarc.vm.instruction.DCDRtest" tests="3" skipped="0" failures="0" errors="0" timestamp="2016-06-03T04:00:49" hostname="qiana-VirtualBox" time="0.001">
  <properties/>
  <testcase name="testNil" classname="org.arcueidarc.nekoarc.vm.instruction.DCDRtest" time="0.0"/>
  <testcase name="testBasic" classname="org.arcueidarc.nekoarc.vm.instruction.DCDRtest" time="0.0"/>
  <testcase name="testUnbound" classname="org.arcueidarc.nekoarc.vm.instruction.DCDRtest" time="0.0"/>
  <system-out><![CDATA[]]></system-out>
  <system-err><![CDATA[]]></system-err>
</testsuite>
