<?xml version="1.0" encoding="UTF-8"?>
<testsuite name="org.arcueidarc.nekoarc.vm.HeapContinuationTest" tests="3" skipped="0" failures="0" errors="0" timestamp="2016-06-03T04:00:49" hostname="qiana-VirtualBox" time="0.05">
  <properties/>
  <testcase name="test" classname="org.arcueidarc.nekoarc.vm.HeapContinuationTest" time="0.035"/>
  <testcase name="test2" classname="org.arcueidarc.nekoarc.vm.HeapContinuationTest" time="0.014"/>
  <testcase name="test3" classname="org.arcueidarc.nekoarc.vm.HeapContinuationTest" time="0.0"/>
  <system-out><![CDATA[]]></system-out>
  <system-err><![CDATA[]]></system-err>
</testsuite>
