<?xml version="1.0" encoding="UTF-8"?>
<testsuite name="org.arcueidarc.nekoarc.vm.instruction.JTtest" tests="3" skipped="0" failures="0" errors="0" timestamp="2016-06-03T04:00:49" hostname="qiana-VirtualBox" time="0.002">
  <properties/>
  <testcase name="testFalse" classname="org.arcueidarc.nekoarc.vm.instruction.JTtest" time="0.0"/>
  <testcase name="testTrue1" classname="org.arcueidarc.nekoarc.vm.instruction.JTtest" time="0.0"/>
  <testcase name="testTrue2" classname="org.arcueidarc.nekoarc.vm.instruction.JTtest" time="0.001"/>
  <system-out><![CDATA[]]></system-out>
  <system-err><![CDATA[]]></system-err>
</testsuite>
