<?xml version="1.0" encoding="UTF-8"?>
<testsuite name="org.arcueidarc.nekoarc.vm.instruction.ADDtest" tests="7" skipped="0" failures="0" errors="0" timestamp="2016-06-03T04:00:49" hostname="qiana-VirtualBox" time="0.002">
  <properties/>
  <testcase name="testStringPlusFixnum" classname="org.arcueidarc.nekoarc.vm.instruction.ADDtest" time="0.001"/>
  <testcase name="testStringPlusFlonum" classname="org.arcueidarc.nekoarc.vm.instruction.ADDtest" time="0.0"/>
  <testcase name="testStringPlusString" classname="org.arcueidarc.nekoarc.vm.instruction.ADDtest" time="0.0"/>
  <testcase name="testFixnumPlusFixnum" classname="org.arcueidarc.nekoarc.vm.instruction.ADDtest" time="0.0"/>
  <testcase name="testFixnumPlusFlonum" classname="org.arcueidarc.nekoarc.vm.instruction.ADDtest" time="0.0"/>
  <testcase name="testFlonumPlusFixnum" classname="org.arcueidarc.nekoarc.vm.instruction.ADDtest" time="0.0"/>
  <testcase name="testFlonumPlusFlonum" classname="org.arcueidarc.nekoarc.vm.instruction.ADDtest" time="0.0"/>
  <system-out><![CDATA[]]></system-out>
  <system-err><![CDATA[]]></system-err>
</testsuite>
